

> @tactoui/utils@0.1.0 build /Users/nishalpoojary/Projects/Codes/ProjectRD/TactoUI/packages/utils
> tsup

[34mCLI[39m Building entry: src/index.ts
[34mCLI[39m Using tsconfig: tsconfig.json
[34mCLI[39m tsup v8.5.0
[34mCLI[39m Using tsup config: /Users/nishalpoojary/Projects/Codes/ProjectRD/TactoUI/packages/utils/tsup.config.ts
[34mCLI[39m Target: es2020
[34mCLI[39m Cleaning output folder
[34mCJS[39m Build start
[34mESM[39m Build start
[32mESM[39m [1mdist/index.mjs     [22m[32m936.00 B[39m
[32mESM[39m [1mdist/index.mjs.map [22m[32m2.46 KB[39m
[32mESM[39m ⚡️ Build success in 72ms
[32mCJS[39m [1mdist/index.js     [22m[32m1.03 KB[39m
[32mCJS[39m [1mdist/index.js.map [22m[32m2.47 KB[39m
[32mCJS[39m ⚡️ Build success in 72ms
DTS Build start
DTS ⚡️ Build success in 3242ms
DTS dist/index.d.ts  804.00 B
DTS dist/index.d.mts 804.00 B
